<?xml version="1.0" encoding="UTF-8"?>
<!-- Generated by org.testng.reporters.JUnitReportReporter -->
<testsuite skipped="0" hostname="DESKTOP-KJFFG4J" name="example.trademeSellAndBuy.testcases.LoginAction" tests="1" failures="0" timestamp="09 六月 2018 11:33:20 GMT" time="56.315" errors="0">
  <testcase name="loginAsAdmin" time="56.315" classname="example.trademeSellAndBuy.testcases.LoginAction"/>
</testsuite> <!-- example.trademeSellAndBuy.testcases.LoginAction -->
