<?xml version="1.0" encoding="UTF-8"?>
<!-- Generated by org.testng.reporters.JUnitReportReporter -->
<testsuite skipped="0" hostname="DESKTOP-KJFFG4J" name="example.trademeSellAndBuy.testcases.GotInsuranceQuote" tests="1" failures="0" timestamp="09 六月 2018 03:43:42 GMT" time="37.767" errors="0">
  <testcase name="getCarInsuranceQuote" time="37.767" classname="example.trademeSellAndBuy.testcases.GotInsuranceQuote"/>
</testsuite> <!-- example.trademeSellAndBuy.testcases.GotInsuranceQuote -->
