<?xml version="1.0" encoding="UTF-8"?>
<!-- Generated by org.testng.reporters.JUnitReportReporter -->
<testsuite skipped="0" hostname="DESKTOP-KJFFG4J" name="example.trademeSellAndBuy.testcases.carInsurance" tests="1" failures="0" timestamp="07 六月 2018 10:29:31 GMT" time="28.196" errors="0">
  <testcase name="setUp" time="28.196" classname="example.trademeSellAndBuy.testcases.carInsurance"/>
</testsuite> <!-- example.trademeSellAndBuy.testcases.carInsurance -->
